{
  "RSpec": {
    "coverage": {
      "/Users/sebastianjimenez/dev/sandbox/jsonapi-practice/content-indexer/app/resources/api/v1/site_resource.rb": [
        1,
        1,
        1,
        1,
        null,
        1,
        null,
        null,
        null
      ],
      "/Users/sebastianjimenez/dev/sandbox/jsonapi-practice/content-indexer/app/resources/application_resource.rb": [
        1,
        1,
        null
      ],
      "/Users/sebastianjimenez/dev/sandbox/jsonapi-practice/content-indexer/app/models/site.rb": [
        null,
        null,
        null,
        null,
        null,
        null,
        null,
        null,
        null,
        null,
        1,
        1,
        null,
        1,
        null
      ],
      "/Users/sebastianjimenez/dev/sandbox/jsonapi-practice/content-indexer/app/models/application_record.rb": [
        1,
        1,
        null
      ],
      "/Users/sebastianjimenez/dev/sandbox/jsonapi-practice/content-indexer/app/resources/api/v1/element_resource.rb": [
        1,
        1,
        1,
        1,
        null,
        1,
        0,
        null,
        null,
        null,
        null
      ],
      "/Users/sebastianjimenez/dev/sandbox/jsonapi-practice/content-indexer/app/controllers/api/v1/elements_controller.rb": [
        1,
        1,
        1,
        null,
        null,
        null
      ],
      "/Users/sebastianjimenez/dev/sandbox/jsonapi-practice/content-indexer/app/controllers/application_controller.rb": [
        1,
        1,
        null
      ],
      "/Users/sebastianjimenez/dev/sandbox/jsonapi-practice/content-indexer/app/controllers/api/v1/sites_controller.rb": [
        1,
        1,
        1,
        null,
        null,
        null
      ],
      "/Users/sebastianjimenez/dev/sandbox/jsonapi-practice/content-indexer/app/models/element.rb": [
        null,
        null,
        null,
        null,
        null,
        null,
        null,
        null,
        null,
        null,
        null,
        null,
        1,
        1,
        null,
        1,
        null
      ],
      "/Users/sebastianjimenez/dev/sandbox/jsonapi-practice/content-indexer/app/processors/api/v1/site_processor.rb": [
        1,
        1,
        1,
        1,
        null,
        1,
        3,
        null,
        null,
        null,
        null
      ],
      "/Users/sebastianjimenez/dev/sandbox/jsonapi-practice/content-indexer/app/operations/api/v1/site_scrapping_operation.rb": [
        1,
        null,
        1,
        1,
        1,
        1,
        1,
        3,
        3,
        3,
        null,
        null,
        1,
        null,
        1,
        3,
        12,
        null,
        null,
        null,
        1,
        12,
        597,
        null,
        null,
        null,
        null,
        null,
        null
      ]
    },
    "timestamp": 1522293450
  }
}
